<?xml version="1.0" encoding="UTF-8"?>
<testsuite name="APIAutomationRestAssured"
           tests="2"
           failures="0"
           errors="0"
           skipped="0"
           time="0.006">
    <properties></properties>



            <testcase
                name="testLogin"
                time="0.006"
                classname="org.example.testng.DDT.ddt01">
            </testcase>
            <testcase
                name="testLogin"
                time="0.000"
                classname="org.example.testng.DDT.ddt01">
            </testcase>
</testsuite>
