<?xml version="1.0" encoding="UTF-8"?>
<testsuite name="APIAutomationRestAssured"
           tests="2"
           failures="0"
           errors="0"
           skipped="0"
           time="0.002">
    <properties></properties>



            <testcase
                name="demo1"
                time="0.002"
                classname="org.example.testng.testngexamples.Test001">
            </testcase>
            <testcase
                name="demo5"
                time="0.000"
                classname="org.example.testng.testngexamples.Test001">
            </testcase>
</testsuite>
