<?xml version="1.0" encoding="UTF-8"?>
<testsuite name="APIAutomationRestAssured"
           tests="4"
           failures="0"
           errors="0"
           skipped="0"
           time="0.004">
    <properties></properties>



            <testcase
                name="TC1"
                time="0.000"
                classname="org.example.testng.TestNG006">
            </testcase>
            <testcase
                name="TC3"
                time="0.000"
                classname="org.example.testng.TestNG006">
            </testcase>
            <testcase
                name="TC2"
                time="0.000"
                classname="org.example.testng.TestNG006">
            </testcase>
            <testcase
                name="TC4"
                time="0.004"
                classname="org.example.testng.TestNG006">
            </testcase>
</testsuite>
