<?xml version="1.0" encoding="UTF-8"?>
<testsuite name="APIAutomationRestAssured"
           tests="2"
           failures="0"
           errors="0"
           skipped="0"
           time="0.004">
    <properties></properties>



            <testcase
                name="getToken"
                time="0.004"
                classname="org.example.testng.testngexamples.TestNG011">
            </testcase>
            <testcase
                name="testPutReq"
                time="0.000"
                classname="org.example.testng.testngexamples.TestNG011">
            </testcase>
</testsuite>
