<?xml version="1.0" encoding="UTF-8"?>
<testsuite name="APIAutomationRestAssured"
           tests="12"
           failures="0"
           errors="0"
           skipped="0"
           time="0.011">
    <properties></properties>



            <testcase
                name="loginTest"
                time="0.001"
                classname="org.example.testng.testngexamples.TestNG013">
            </testcase>
            <testcase
                name="loginTest"
                time="0.000"
                classname="org.example.testng.testngexamples.TestNG013">
            </testcase>
            <testcase
                name="loginTest"
                time="0.004"
                classname="org.example.testng.testngexamples.TestNG013">
            </testcase>
            <testcase
                name="loginTest"
                time="0.001"
                classname="org.example.testng.testngexamples.TestNG013">
            </testcase>
            <testcase
                name="loginTest"
                time="0.001"
                classname="org.example.testng.testngexamples.TestNG013">
            </testcase>
            <testcase
                name="loginTest"
                time="0.000"
                classname="org.example.testng.testngexamples.TestNG013">
            </testcase>
            <testcase
                name="loginTest"
                time="0.000"
                classname="org.example.testng.testngexamples.TestNG013">
            </testcase>
            <testcase
                name="loginTest"
                time="0.001"
                classname="org.example.testng.testngexamples.TestNG013">
            </testcase>
            <testcase
                name="loginTest"
                time="0.001"
                classname="org.example.testng.testngexamples.TestNG013">
            </testcase>
            <testcase
                name="loginTest"
                time="0.000"
                classname="org.example.testng.testngexamples.TestNG013">
            </testcase>
            <testcase
                name="loginTest"
                time="0.001"
                classname="org.example.testng.testngexamples.TestNG013">
            </testcase>
            <testcase
                name="loginTest"
                time="0.001"
                classname="org.example.testng.testngexamples.TestNG013">
            </testcase>
</testsuite>
